warning: source doc/images is not a readable file or directory... skipping.
/Users/piotrteterwak/graphlab-sdk/graphlab/ffi.dox:419: warning: multiple use of section label 'sec_class_publishing', (first occurrence: /Users/piotrteterwak/graphlab-sdk/graphlab/ffi.dox, line 375)
/Users/piotrteterwak/graphlab-sdk/sdk_example/sgraph_edge_deduplication.cpp:94: warning: reached end of file while inside a code block!
The command that should end the block seems to be missing!

/Users/piotrteterwak/graphlab-sdk/sdk_example/sgraph_weighted_pagerank.cpp:130: warning: reached end of file while inside a code block!
The command that should end the block seems to be missing!

/Users/piotrteterwak/graphlab-sdk/graphlab/ffi.dox:44: warning: unable to resolve reference to `toolkit_function_macros.hpp' for \ref command
/Users/piotrteterwak/graphlab-sdk/graphlab/serialization/serialize_to_from_string.hpp:65: warning: unable to resolve reference to `serializable' for \ref command
/Users/piotrteterwak/graphlab-sdk/graphlab/serialization/serialize_to_from_string.hpp:40: warning: unable to resolve reference to `serializable' for \ref command
/Users/piotrteterwak/graphlab-sdk/graphlab/serialization/serialization_details.dox:66: warning: unable to resolve reference to `serialize_impl' for \ref command
/Users/piotrteterwak/graphlab-sdk/graphlab/flexible_type/string_escape.hpp:44: warning: The following parameters of graphlab::escape_string(const std::string &val, char escape_char, char quote_char, bool use_quote_char, bool double_quote, std::string &output, size_t &output_len) are not documented:
  parameter 'output'
  parameter 'output_len'
/Users/piotrteterwak/graphlab-sdk/graphlab/sdk/gl_sarray.hpp:1154: warning: argument 'allow_rounding' of command @param is not found in the argument list of graphlab::gl_sarray::pixel_array_to_image(size_t width, size_t height, size_t channels=3, bool undefined_on_failure=true) const
/Users/piotrteterwak/graphlab-sdk/graphlab/sdk/gl_sarray.hpp:537: warning: argument 'filename' of command @param is not found in the argument list of graphlab::gl_sarray::save(const std::string &directory, const std::string &format="binary") const
/Users/piotrteterwak/graphlab-sdk/graphlab/sdk/gl_sarray.hpp:537: warning: The following parameters of graphlab::gl_sarray::save(const std::string &directory, const std::string &format="binary") const are not documented:
  parameter 'directory'
/Users/piotrteterwak/graphlab-sdk/graphlab/flexible_type/flexible_type.hpp:202: warning: unable to resolve reference to `flexible_type::apply_visitor(Visitor)' for \ref command
/Users/piotrteterwak/graphlab-sdk/graphlab/flexible_type/flexible_type.hpp:246: warning: unable to resolve reference to `apply_visitor(Visitor)' for \ref command
/Users/piotrteterwak/graphlab-sdk/graphlab/flexible_type/flexible_type.hpp:247: warning: unable to resolve reference to `mutating_get()' for \ref command
/Users/piotrteterwak/graphlab-sdk/graphlab/flexible_type/flexible_type.hpp:575: warning: unable to resolve reference to `apply_visitor(Visitor)' for \ref command
/Users/piotrteterwak/graphlab-sdk/graphlab/flexible_type/flexible_type.hpp:634: warning: unable to resolve reference to `apply_visitor(Visitor, const flexible_type&)' for \ref command
/Users/piotrteterwak/graphlab-sdk/graphlab/flexible_type/flexible_type_registry.hpp:69: warning: argument 'name' of command @param is not found in the argument list of graphlab::flexible_type_registry::get_field_name(field_id_type id) const
/Users/piotrteterwak/graphlab-sdk/graphlab/flexible_type/flexible_type_registry.hpp:69: warning: The following parameters of graphlab::flexible_type_registry::get_field_name(field_id_type id) const are not documented:
  parameter 'id'
/Users/piotrteterwak/graphlab-sdk/graphlab/flexible_type/flexible_type_registry.hpp:119: warning: argument 'id' of command @param is not found in the argument list of graphlab::flexible_type_registry::get_field_type(field_id_type name) const
/Users/piotrteterwak/graphlab-sdk/graphlab/flexible_type/flexible_type_registry.hpp:119: warning: The following parameters of graphlab::flexible_type_registry::get_field_type(field_id_type name) const are not documented:
  parameter 'name'
/Users/piotrteterwak/graphlab-sdk/graphlab/unity/lib/api/function_closure_info.hpp:49: warning: unexpected command endcode
/Users/piotrteterwak/graphlab-sdk/graphlab/sdk/gl_sframe.hpp:1386: warning: argument 'operations' of command @param is not found in the argument list of graphlab::gl_sframe::groupby(const std::vector< std::string > &groupkeys, const std::map< std::string, aggregate::groupby_descriptor_type > &operators=std::map< std::string, aggregate::groupby_descriptor_type >()) const
/Users/piotrteterwak/graphlab-sdk/graphlab/sdk/gl_sframe.hpp:1386: warning: The following parameters of graphlab::gl_sframe::groupby(const std::vector< std::string > &groupkeys, const std::map< std::string, aggregate::groupby_descriptor_type > &operators=std::map< std::string, aggregate::groupby_descriptor_type >()) const are not documented:
  parameter 'operators'
/Users/piotrteterwak/graphlab-sdk/graphlab/sdk/gl_sframe.hpp:1615: warning: argument 'on' of command @param is not found in the argument list of graphlab::gl_sframe::join(const gl_sframe &right, const std::vector< std::string > &joinkeys, const std::string &how="inner") const
/Users/piotrteterwak/graphlab-sdk/graphlab/sdk/gl_sframe.hpp:1615: warning: The following parameters of graphlab::gl_sframe::join(const gl_sframe &right, const std::vector< std::string > &joinkeys, const std::string &how="inner") const are not documented:
  parameter 'joinkeys'
/Users/piotrteterwak/graphlab-sdk/graphlab/sdk/gl_sframe.hpp:1699: warning: argument 'on' of command @param is not found in the argument list of graphlab::gl_sframe::join(const gl_sframe &right, const std::map< std::string, std::string > &joinkeys, const std::string &how="inner") const
/Users/piotrteterwak/graphlab-sdk/graphlab/sdk/gl_sframe.hpp:1699: warning: The following parameters of graphlab::gl_sframe::join(const gl_sframe &right, const std::map< std::string, std::string > &joinkeys, const std::string &how="inner") const are not documented:
  parameter 'joinkeys'
/Users/piotrteterwak/graphlab-sdk/graphlab/sdk/gl_sframe.hpp:952: warning: argument 'seed' of command @param is not found in the argument list of graphlab::gl_sframe::random_split(double fraction) const
/Users/piotrteterwak/graphlab-sdk/graphlab/sdk/gl_sframe.hpp:801: warning: argument 'filename' of command @param is not found in the argument list of graphlab::gl_sframe::save(const std::string &path, const std::string &format="") const
/Users/piotrteterwak/graphlab-sdk/graphlab/sdk/gl_sframe.hpp:801: warning: The following parameters of graphlab::gl_sframe::save(const std::string &path, const std::string &format="") const are not documented:
  parameter 'path'
/Users/piotrteterwak/graphlab-sdk/graphlab/sdk/gl_sframe.hpp:2139: warning: unable to resolve reference to `stack(const std::string&, const std::vector<std::string>&, bool)' for \ref command
/Users/piotrteterwak/graphlab-sdk/graphlab/sdk/gl_sframe.hpp:2134: warning: argument 'column_names' of command @param is not found in the argument list of graphlab::gl_sframe::stack(const std::string &column_name, const std::string &new_column_names, bool drop_na=false) const
/Users/piotrteterwak/graphlab-sdk/graphlab/sdk/gl_sframe.hpp:2134: warning: argument 'new_column_name' of command @param is not found in the argument list of graphlab::gl_sframe::stack(const std::string &column_name, const std::string &new_column_names, bool drop_na=false) const
/Users/piotrteterwak/graphlab-sdk/graphlab/sdk/gl_sframe.hpp:2134: warning: The following parameters of graphlab::gl_sframe::stack(const std::string &column_name, const std::string &new_column_names, bool drop_na=false) const are not documented:
  parameter 'column_name'
  parameter 'new_column_names'
/Users/piotrteterwak/graphlab-sdk/graphlab/sdk/gl_sframe.hpp:2207: warning: unable to resolve reference to `stack(const std::string&, const std::string&, bool)' for \ref command
/Users/piotrteterwak/graphlab-sdk/graphlab/sdk/gl_sframe.hpp:2202: warning: argument 'column_names' of command @param is not found in the argument list of graphlab::gl_sframe::stack(const std::string &column_name, const std::vector< std::string > &new_column_names, bool drop_na=false) const
/Users/piotrteterwak/graphlab-sdk/graphlab/sdk/gl_sframe.hpp:2202: warning: The following parameters of graphlab::gl_sframe::stack(const std::string &column_name, const std::vector< std::string > &new_column_names, bool drop_na=false) const are not documented:
  parameter 'column_name'
/Users/piotrteterwak/graphlab-sdk/graphlab/sdk/gl_sframe.hpp:2276: warning: argument 'column' of command @param is not found in the argument list of graphlab::gl_sframe::unstack(const std::string &columns, const std::string &new_column_name="") const
/Users/piotrteterwak/graphlab-sdk/graphlab/sdk/gl_sframe.hpp:2276: warning: The following parameters of graphlab::gl_sframe::unstack(const std::string &columns, const std::string &new_column_name="") const are not documented:
  parameter 'columns'
/Users/piotrteterwak/graphlab-sdk/graphlab/sdk/gl_sframe.hpp:2314: warning: argument 'column' of command @param is not found in the argument list of graphlab::gl_sframe::unstack(const std::vector< std::string > &columns, const std::string &new_column_name="") const
/Users/piotrteterwak/graphlab-sdk/graphlab/sdk/gl_sframe.hpp:2314: warning: The following parameters of graphlab::gl_sframe::unstack(const std::vector< std::string > &columns, const std::string &new_column_name="") const are not documented:
  parameter 'columns'
/Users/piotrteterwak/graphlab-sdk/graphlab/sdk/gl_sarray.hpp:1154: warning: argument 'allow_rounding' of command @param is not found in the argument list of graphlab::gl_sarray::pixel_array_to_image(size_t width, size_t height, size_t channels=3, bool undefined_on_failure=true) const
/Users/piotrteterwak/graphlab-sdk/graphlab/sdk/gl_sarray.hpp:537: warning: argument 'filename' of command @param is not found in the argument list of graphlab::gl_sarray::save(const std::string &directory, const std::string &format="binary") const
/Users/piotrteterwak/graphlab-sdk/graphlab/sdk/gl_sarray.hpp:537: warning: The following parameters of graphlab::gl_sarray::save(const std::string &directory, const std::string &format="binary") const are not documented:
  parameter 'directory'
/Users/piotrteterwak/graphlab-sdk/graphlab/sdk/gl_sarray.hpp:1154: warning: argument 'allow_rounding' of command @param is not found in the argument list of graphlab::gl_sarray::pixel_array_to_image(size_t width, size_t height, size_t channels=3, bool undefined_on_failure=true) const
/Users/piotrteterwak/graphlab-sdk/graphlab/sdk/gl_sarray.hpp:537: warning: argument 'filename' of command @param is not found in the argument list of graphlab::gl_sarray::save(const std::string &directory, const std::string &format="binary") const
/Users/piotrteterwak/graphlab-sdk/graphlab/sdk/gl_sarray.hpp:537: warning: The following parameters of graphlab::gl_sarray::save(const std::string &directory, const std::string &format="binary") const are not documented:
  parameter 'directory'
/Users/piotrteterwak/graphlab-sdk/graphlab/sdk/gl_sarray.hpp:1786: warning: argument 'start' of command @param is not found in the argument list of graphlab::gl_sarray_writer::write(T begin, T end, size_t segmentid)
/Users/piotrteterwak/graphlab-sdk/graphlab/sdk/gl_sarray.hpp:1786: warning: The following parameters of graphlab::gl_sarray_writer::write(T begin, T end, size_t segmentid) are not documented:
  parameter 'begin'
/Users/piotrteterwak/graphlab-sdk/graphlab/sdk/gl_sframe.hpp:1386: warning: argument 'operations' of command @param is not found in the argument list of graphlab::gl_sframe::groupby(const std::vector< std::string > &groupkeys, const std::map< std::string, aggregate::groupby_descriptor_type > &operators=std::map< std::string, aggregate::groupby_descriptor_type >()) const
/Users/piotrteterwak/graphlab-sdk/graphlab/sdk/gl_sframe.hpp:1386: warning: The following parameters of graphlab::gl_sframe::groupby(const std::vector< std::string > &groupkeys, const std::map< std::string, aggregate::groupby_descriptor_type > &operators=std::map< std::string, aggregate::groupby_descriptor_type >()) const are not documented:
  parameter 'operators'
/Users/piotrteterwak/graphlab-sdk/graphlab/sdk/gl_sframe.hpp:1615: warning: argument 'on' of command @param is not found in the argument list of graphlab::gl_sframe::join(const gl_sframe &right, const std::vector< std::string > &joinkeys, const std::string &how="inner") const
/Users/piotrteterwak/graphlab-sdk/graphlab/sdk/gl_sframe.hpp:1615: warning: The following parameters of graphlab::gl_sframe::join(const gl_sframe &right, const std::vector< std::string > &joinkeys, const std::string &how="inner") const are not documented:
  parameter 'joinkeys'
/Users/piotrteterwak/graphlab-sdk/graphlab/sdk/gl_sframe.hpp:1699: warning: argument 'on' of command @param is not found in the argument list of graphlab::gl_sframe::join(const gl_sframe &right, const std::map< std::string, std::string > &joinkeys, const std::string &how="inner") const
/Users/piotrteterwak/graphlab-sdk/graphlab/sdk/gl_sframe.hpp:1699: warning: The following parameters of graphlab::gl_sframe::join(const gl_sframe &right, const std::map< std::string, std::string > &joinkeys, const std::string &how="inner") const are not documented:
  parameter 'joinkeys'
/Users/piotrteterwak/graphlab-sdk/graphlab/sdk/gl_sframe.hpp:952: warning: argument 'seed' of command @param is not found in the argument list of graphlab::gl_sframe::random_split(double fraction) const
/Users/piotrteterwak/graphlab-sdk/graphlab/sdk/gl_sframe.hpp:1319: warning: argument 'names' of command @param is not found in the argument list of graphlab::gl_sframe::rename(const std::map< std::string, std::string > &old_to_new_names)
/Users/piotrteterwak/graphlab-sdk/graphlab/sdk/gl_sframe.hpp:1319: warning: The following parameters of graphlab::gl_sframe::rename(const std::map< std::string, std::string > &old_to_new_names) are not documented:
  parameter 'old_to_new_names'
/Users/piotrteterwak/graphlab-sdk/graphlab/sdk/gl_sframe.hpp:801: warning: argument 'filename' of command @param is not found in the argument list of graphlab::gl_sframe::save(const std::string &path, const std::string &format="") const
/Users/piotrteterwak/graphlab-sdk/graphlab/sdk/gl_sframe.hpp:801: warning: The following parameters of graphlab::gl_sframe::save(const std::string &path, const std::string &format="") const are not documented:
  parameter 'path'
/Users/piotrteterwak/graphlab-sdk/graphlab/sdk/gl_sframe.hpp:2139: warning: unable to resolve reference to `stack(const std::string&, const std::vector<std::string>&, bool)' for \ref command
/Users/piotrteterwak/graphlab-sdk/graphlab/sdk/gl_sframe.hpp:2134: warning: argument 'column_names' of command @param is not found in the argument list of graphlab::gl_sframe::stack(const std::string &column_name, const std::string &new_column_names, bool drop_na=false) const
/Users/piotrteterwak/graphlab-sdk/graphlab/sdk/gl_sframe.hpp:2134: warning: argument 'new_column_name' of command @param is not found in the argument list of graphlab::gl_sframe::stack(const std::string &column_name, const std::string &new_column_names, bool drop_na=false) const
/Users/piotrteterwak/graphlab-sdk/graphlab/sdk/gl_sframe.hpp:2134: warning: The following parameters of graphlab::gl_sframe::stack(const std::string &column_name, const std::string &new_column_names, bool drop_na=false) const are not documented:
  parameter 'column_name'
  parameter 'new_column_names'
/Users/piotrteterwak/graphlab-sdk/graphlab/sdk/gl_sframe.hpp:2207: warning: unable to resolve reference to `stack(const std::string&, const std::string&, bool)' for \ref command
/Users/piotrteterwak/graphlab-sdk/graphlab/sdk/gl_sframe.hpp:2202: warning: argument 'column_names' of command @param is not found in the argument list of graphlab::gl_sframe::stack(const std::string &column_name, const std::vector< std::string > &new_column_names, bool drop_na=false) const
/Users/piotrteterwak/graphlab-sdk/graphlab/sdk/gl_sframe.hpp:2202: warning: The following parameters of graphlab::gl_sframe::stack(const std::string &column_name, const std::vector< std::string > &new_column_names, bool drop_na=false) const are not documented:
  parameter 'column_name'
/Users/piotrteterwak/graphlab-sdk/graphlab/sdk/gl_sframe.hpp:2276: warning: argument 'column' of command @param is not found in the argument list of graphlab::gl_sframe::unstack(const std::string &columns, const std::string &new_column_name="") const
/Users/piotrteterwak/graphlab-sdk/graphlab/sdk/gl_sframe.hpp:2276: warning: The following parameters of graphlab::gl_sframe::unstack(const std::string &columns, const std::string &new_column_name="") const are not documented:
  parameter 'columns'
/Users/piotrteterwak/graphlab-sdk/graphlab/sdk/gl_sframe.hpp:2314: warning: argument 'column' of command @param is not found in the argument list of graphlab::gl_sframe::unstack(const std::vector< std::string > &columns, const std::string &new_column_name="") const
/Users/piotrteterwak/graphlab-sdk/graphlab/sdk/gl_sframe.hpp:2314: warning: The following parameters of graphlab::gl_sframe::unstack(const std::vector< std::string > &columns, const std::string &new_column_name="") const are not documented:
  parameter 'columns'
/Users/piotrteterwak/graphlab-sdk/graphlab/sdk/gl_sframe.hpp:2877: warning: argument 'column_name' of command @param is not found in the argument list of graphlab::gl_sframe_writer::gl_sframe_writer(const std::vector< std::string > &column_names, const std::vector< flex_type_enum > &column_types, size_t num_segments=(size_t)(-1))
/Users/piotrteterwak/graphlab-sdk/graphlab/sdk/gl_sframe.hpp:2877: warning: argument 'type' of command @param is not found in the argument list of graphlab::gl_sframe_writer::gl_sframe_writer(const std::vector< std::string > &column_names, const std::vector< flex_type_enum > &column_types, size_t num_segments=(size_t)(-1))
/Users/piotrteterwak/graphlab-sdk/graphlab/sdk/gl_sframe.hpp:2877: warning: The following parameters of graphlab::gl_sframe_writer::gl_sframe_writer(const std::vector< std::string > &column_names, const std::vector< flex_type_enum > &column_types, size_t num_segments=(size_t)(-1)) are not documented:
  parameter 'column_names'
  parameter 'column_types'
/Users/piotrteterwak/graphlab-sdk/graphlab/sdk/gl_sframe.hpp:2915: warning: argument 'start' of command @param is not found in the argument list of graphlab::gl_sframe_writer::write(T begin, T end, size_t segmentid)
/Users/piotrteterwak/graphlab-sdk/graphlab/sdk/gl_sframe.hpp:2915: warning: The following parameters of graphlab::gl_sframe_writer::write(T begin, T end, size_t segmentid) are not documented:
  parameter 'begin'
/Users/piotrteterwak/graphlab-sdk/graphlab/sdk/gl_sgraph.hpp:48: warning: unable to resolve reference to `gl_sframes' for \ref command
/Users/piotrteterwak/graphlab-sdk/graphlab/sdk/gl_sgraph.hpp:144: warning: unable to resolve reference to `Ï' for \ref command
/Users/piotrteterwak/graphlab-sdk/graphlab/sdk/gl_sgraph.hpp:145: warning: unexpected command endcode
/Users/piotrteterwak/graphlab-sdk/graphlab/sdk/gl_sgraph.hpp:1038: warning: argument 'name' of command @param is not found in the argument list of graphlab::gl_sgraph::remove_edge_field(const std::string &field)
/Users/piotrteterwak/graphlab-sdk/graphlab/sdk/gl_sgraph.hpp:1038: warning: The following parameters of graphlab::gl_sgraph::remove_edge_field(const std::string &field) are not documented:
  parameter 'field'
/Users/piotrteterwak/graphlab-sdk/graphlab/sdk/gl_sgraph.hpp:1000: warning: argument 'name' of command @param is not found in the argument list of graphlab::gl_sgraph::remove_vertex_field(const std::string &field)
/Users/piotrteterwak/graphlab-sdk/graphlab/sdk/gl_sgraph.hpp:1000: warning: The following parameters of graphlab::gl_sgraph::remove_vertex_field(const std::string &field) are not documented:
  parameter 'field'
/Users/piotrteterwak/graphlab-sdk/graphlab/sdk/gl_sgraph.hpp:883: warning: unable to resolve reference to `edge_triple' for \ref command
/Users/piotrteterwak/graphlab-sdk/graphlab/serialization/iarchive.hpp:116: warning: unable to resolve reference to `serialization' for \ref command
/Users/piotrteterwak/graphlab-sdk/graphlab/serialization/oarchive.hpp:75: warning: unable to resolve reference to `serialization' for \ref command
/Users/piotrteterwak/graphlab-sdk/graphlab/sdk/gl_sframe.hpp:67: warning: argument 'const' of command @param is not found in the argument list of graphlab::aggregate::make_aggregator(const std::vector< std::string > &group_columns, const Args &...args)
/Users/piotrteterwak/graphlab-sdk/graphlab/sdk/gl_sframe.hpp:67: warning: The following parameters of graphlab::aggregate::make_aggregator(const std::vector< std::string > &group_columns, const Args &...args) are not documented:
  parameter 'args'
/Users/piotrteterwak/graphlab-sdk/graphlab/flexible_type/flexible_type_converter.hpp:464: warning: Unsupported xml/html tag <int> found
/Users/piotrteterwak/graphlab-sdk/graphlab/flexible_type/flexible_type_converter.hpp:505: warning: Unsupported xml/html tag <int> found
/Users/piotrteterwak/graphlab-sdk/graphlab/flexible_type/flexible_type_converter.hpp:443: warning: Unsupported xml/html tag <int> found
/Users/piotrteterwak/graphlab-sdk/graphlab/flexible_type/flexible_type_converter.hpp:485: warning: Unsupported xml/html tag <int> found
/Users/piotrteterwak/graphlab-sdk/graphlab/graphlab.dox:47: warning: unable to resolve reference to `page_user_guide' for \ref command
/Users/piotrteterwak/graphlab-sdk/graphlab/graphlab.dox:154: warning: unable to resolve reference to `section_Examples' for \ref command
/Users/piotrteterwak/graphlab-sdk/graphlab/graphlab.dox:155: warning: found </ol> tag without matching <ol>
